Determining if the pthread_create exist failed with the following output:
Change Dir: /home/ros/haoyu/ws_rmrobot/build/rm_65_demo/CMakeFiles/CMakeTmp

Run Build Command:"/usr/bin/make" "cmTC_ea14e/fast"
/usr/bin/make -f CMakeFiles/cmTC_ea14e.dir/build.make CMakeFiles/cmTC_ea14e.dir/build
make[1]: 进入目录“/home/ros/haoyu/ws_rmrobot/build/rm_65_demo/CMakeFiles/CMakeTmp”
Building C object CMakeFiles/cmTC_ea14e.dir/CheckSymbolExists.c.o
/usr/bin/cc    -o CMakeFiles/cmTC_ea14e.dir/CheckSymbolExists.c.o   -c /home/ros/haoyu/ws_rmrobot/build/rm_65_demo/CMakeFiles/CMakeTmp/CheckSymbolExists.c
Linking C executable cmTC_ea14e
/usr/bin/cmake -E cmake_link_script CMakeFiles/cmTC_ea14e.dir/link.txt --verbose=1
/usr/bin/cc      -rdynamic CMakeFiles/cmTC_ea14e.dir/CheckSymbolExists.c.o  -o cmTC_ea14e 
CMakeFiles/cmTC_ea14e.dir/CheckSymbolExists.c.o：在函数‘main’中：
CheckSymbolExists.c:(.text+0x1b)：对‘pthread_create’未定义的引用
collect2: error: ld returned 1 exit status
CMakeFiles/cmTC_ea14e.dir/build.make:97: recipe for target 'cmTC_ea14e' failed
make[1]: *** [cmTC_ea14e] Error 1
make[1]: 离开目录“/home/ros/haoyu/ws_rmrobot/build/rm_65_demo/CMakeFiles/CMakeTmp”
Makefile:126: recipe for target 'cmTC_ea14e/fast' failed
make: *** [cmTC_ea14e/fast] Error 2

File /home/ros/haoyu/ws_rmrobot/build/rm_65_demo/CMakeFiles/CMakeTmp/CheckSymbolExists.c:
/* */
#include <pthread.h>

int main(int argc, char** argv)
{
  (void)argv;
#ifndef pthread_create
  return ((int*)(&pthread_create))[argc];
#else
  (void)argc;
  return 0;
#endif
}

Determining if the function pthread_create exists in the pthreads failed with the following output:
Change Dir: /home/ros/haoyu/ws_rmrobot/build/rm_65_demo/CMakeFiles/CMakeTmp

Run Build Command:"/usr/bin/make" "cmTC_b949b/fast"
/usr/bin/make -f CMakeFiles/cmTC_b949b.dir/build.make CMakeFiles/cmTC_b949b.dir/build
make[1]: 进入目录“/home/ros/haoyu/ws_rmrobot/build/rm_65_demo/CMakeFiles/CMakeTmp”
Building C object CMakeFiles/cmTC_b949b.dir/CheckFunctionExists.c.o
/usr/bin/cc   -DCHECK_FUNCTION_EXISTS=pthread_create   -o CMakeFiles/cmTC_b949b.dir/CheckFunctionExists.c.o   -c /usr/share/cmake-3.10/Modules/CheckFunctionExists.c
Linking C executable cmTC_b949b
/usr/bin/cmake -E cmake_link_script CMakeFiles/cmTC_b949b.dir/link.txt --verbose=1
/usr/bin/cc  -DCHECK_FUNCTION_EXISTS=pthread_create    -rdynamic CMakeFiles/cmTC_b949b.dir/CheckFunctionExists.c.o  -o cmTC_b949b -lpthreads 
/usr/bin/ld: 找不到 -lpthreads
collect2: error: ld returned 1 exit status
CMakeFiles/cmTC_b949b.dir/build.make:97: recipe for target 'cmTC_b949b' failed
make[1]: *** [cmTC_b949b] Error 1
make[1]: 离开目录“/home/ros/haoyu/ws_rmrobot/build/rm_65_demo/CMakeFiles/CMakeTmp”
Makefile:126: recipe for target 'cmTC_b949b/fast' failed
make: *** [cmTC_b949b/fast] Error 2


