Determining if the pthread_create exist failed with the following output:
Change Dir: /home/ros/haoyu/ws_rmrobot/build/rm_driver/CMakeFiles/CMakeTmp

Run Build Command:"/usr/bin/make" "cmTC_ce59f/fast"
/usr/bin/make -f CMakeFiles/cmTC_ce59f.dir/build.make CMakeFiles/cmTC_ce59f.dir/build
make[1]: 进入目录“/home/ros/haoyu/ws_rmrobot/build/rm_driver/CMakeFiles/CMakeTmp”
Building C object CMakeFiles/cmTC_ce59f.dir/CheckSymbolExists.c.o
/usr/bin/cc    -o CMakeFiles/cmTC_ce59f.dir/CheckSymbolExists.c.o   -c /home/ros/haoyu/ws_rmrobot/build/rm_driver/CMakeFiles/CMakeTmp/CheckSymbolExists.c
Linking C executable cmTC_ce59f
/usr/bin/cmake -E cmake_link_script CMakeFiles/cmTC_ce59f.dir/link.txt --verbose=1
/usr/bin/cc      -rdynamic CMakeFiles/cmTC_ce59f.dir/CheckSymbolExists.c.o  -o cmTC_ce59f 
CMakeFiles/cmTC_ce59f.dir/CheckSymbolExists.c.o：在函数‘main’中：
CheckSymbolExists.c:(.text+0x1b)：对‘pthread_create’未定义的引用
collect2: error: ld returned 1 exit status
CMakeFiles/cmTC_ce59f.dir/build.make:97: recipe for target 'cmTC_ce59f' failed
make[1]: *** [cmTC_ce59f] Error 1
make[1]: 离开目录“/home/ros/haoyu/ws_rmrobot/build/rm_driver/CMakeFiles/CMakeTmp”
Makefile:126: recipe for target 'cmTC_ce59f/fast' failed
make: *** [cmTC_ce59f/fast] Error 2

File /home/ros/haoyu/ws_rmrobot/build/rm_driver/CMakeFiles/CMakeTmp/CheckSymbolExists.c:
/* */
#include <pthread.h>

int main(int argc, char** argv)
{
  (void)argv;
#ifndef pthread_create
  return ((int*)(&pthread_create))[argc];
#else
  (void)argc;
  return 0;
#endif
}

Determining if the function pthread_create exists in the pthreads failed with the following output:
Change Dir: /home/ros/haoyu/ws_rmrobot/build/rm_driver/CMakeFiles/CMakeTmp

Run Build Command:"/usr/bin/make" "cmTC_28fe1/fast"
/usr/bin/make -f CMakeFiles/cmTC_28fe1.dir/build.make CMakeFiles/cmTC_28fe1.dir/build
make[1]: 进入目录“/home/ros/haoyu/ws_rmrobot/build/rm_driver/CMakeFiles/CMakeTmp”
Building C object CMakeFiles/cmTC_28fe1.dir/CheckFunctionExists.c.o
/usr/bin/cc   -DCHECK_FUNCTION_EXISTS=pthread_create   -o CMakeFiles/cmTC_28fe1.dir/CheckFunctionExists.c.o   -c /usr/share/cmake-3.10/Modules/CheckFunctionExists.c
Linking C executable cmTC_28fe1
/usr/bin/cmake -E cmake_link_script CMakeFiles/cmTC_28fe1.dir/link.txt --verbose=1
/usr/bin/cc  -DCHECK_FUNCTION_EXISTS=pthread_create    -rdynamic CMakeFiles/cmTC_28fe1.dir/CheckFunctionExists.c.o  -o cmTC_28fe1 -lpthreads 
/usr/bin/ld: 找不到 -lpthreads
collect2: error: ld returned 1 exit status
CMakeFiles/cmTC_28fe1.dir/build.make:97: recipe for target 'cmTC_28fe1' failed
make[1]: *** [cmTC_28fe1] Error 1
make[1]: 离开目录“/home/ros/haoyu/ws_rmrobot/build/rm_driver/CMakeFiles/CMakeTmp”
Makefile:126: recipe for target 'cmTC_28fe1/fast' failed
make: *** [cmTC_28fe1/fast] Error 2


