Determining if the pthread_create exist failed with the following output:
Change Dir: /home/ros/haoyu/ws_rmrobot/build/jawasm1/CMakeFiles/CMakeTmp

Run Build Command:"/usr/bin/make" "cmTC_f9add/fast"
/usr/bin/make -f CMakeFiles/cmTC_f9add.dir/build.make CMakeFiles/cmTC_f9add.dir/build
make[1]: 进入目录“/home/ros/haoyu/ws_rmrobot/build/jawasm1/CMakeFiles/CMakeTmp”
Building C object CMakeFiles/cmTC_f9add.dir/CheckSymbolExists.c.o
/usr/bin/cc    -o CMakeFiles/cmTC_f9add.dir/CheckSymbolExists.c.o   -c /home/ros/haoyu/ws_rmrobot/build/jawasm1/CMakeFiles/CMakeTmp/CheckSymbolExists.c
Linking C executable cmTC_f9add
/usr/bin/cmake -E cmake_link_script CMakeFiles/cmTC_f9add.dir/link.txt --verbose=1
/usr/bin/cc      -rdynamic CMakeFiles/cmTC_f9add.dir/CheckSymbolExists.c.o  -o cmTC_f9add 
CMakeFiles/cmTC_f9add.dir/CheckSymbolExists.c.o：在函数‘main’中：
CheckSymbolExists.c:(.text+0x1b)：对‘pthread_create’未定义的引用
collect2: error: ld returned 1 exit status
CMakeFiles/cmTC_f9add.dir/build.make:97: recipe for target 'cmTC_f9add' failed
make[1]: *** [cmTC_f9add] Error 1
make[1]: 离开目录“/home/ros/haoyu/ws_rmrobot/build/jawasm1/CMakeFiles/CMakeTmp”
Makefile:126: recipe for target 'cmTC_f9add/fast' failed
make: *** [cmTC_f9add/fast] Error 2

File /home/ros/haoyu/ws_rmrobot/build/jawasm1/CMakeFiles/CMakeTmp/CheckSymbolExists.c:
/* */
#include <pthread.h>

int main(int argc, char** argv)
{
  (void)argv;
#ifndef pthread_create
  return ((int*)(&pthread_create))[argc];
#else
  (void)argc;
  return 0;
#endif
}

Determining if the function pthread_create exists in the pthreads failed with the following output:
Change Dir: /home/ros/haoyu/ws_rmrobot/build/jawasm1/CMakeFiles/CMakeTmp

Run Build Command:"/usr/bin/make" "cmTC_dec14/fast"
/usr/bin/make -f CMakeFiles/cmTC_dec14.dir/build.make CMakeFiles/cmTC_dec14.dir/build
make[1]: 进入目录“/home/ros/haoyu/ws_rmrobot/build/jawasm1/CMakeFiles/CMakeTmp”
Building C object CMakeFiles/cmTC_dec14.dir/CheckFunctionExists.c.o
/usr/bin/cc   -DCHECK_FUNCTION_EXISTS=pthread_create   -o CMakeFiles/cmTC_dec14.dir/CheckFunctionExists.c.o   -c /usr/share/cmake-3.10/Modules/CheckFunctionExists.c
Linking C executable cmTC_dec14
/usr/bin/cmake -E cmake_link_script CMakeFiles/cmTC_dec14.dir/link.txt --verbose=1
/usr/bin/cc  -DCHECK_FUNCTION_EXISTS=pthread_create    -rdynamic CMakeFiles/cmTC_dec14.dir/CheckFunctionExists.c.o  -o cmTC_dec14 -lpthreads 
/usr/bin/ld: 找不到 -lpthreads
collect2: error: ld returned 1 exit status
CMakeFiles/cmTC_dec14.dir/build.make:97: recipe for target 'cmTC_dec14' failed
make[1]: *** [cmTC_dec14] Error 1
make[1]: 离开目录“/home/ros/haoyu/ws_rmrobot/build/jawasm1/CMakeFiles/CMakeTmp”
Makefile:126: recipe for target 'cmTC_dec14/fast' failed
make: *** [cmTC_dec14/fast] Error 2


