Determining if the pthread_create exist failed with the following output:
Change Dir: /home/ros/haoyu/ws_rmrobot/build/rm_65_moveit_config/CMakeFiles/CMakeTmp

Run Build Command:"/usr/bin/make" "cmTC_13d8c/fast"
/usr/bin/make -f CMakeFiles/cmTC_13d8c.dir/build.make CMakeFiles/cmTC_13d8c.dir/build
make[1]: 进入目录“/home/ros/haoyu/ws_rmrobot/build/rm_65_moveit_config/CMakeFiles/CMakeTmp”
Building C object CMakeFiles/cmTC_13d8c.dir/CheckSymbolExists.c.o
/usr/bin/cc    -o CMakeFiles/cmTC_13d8c.dir/CheckSymbolExists.c.o   -c /home/ros/haoyu/ws_rmrobot/build/rm_65_moveit_config/CMakeFiles/CMakeTmp/CheckSymbolExists.c
Linking C executable cmTC_13d8c
/usr/bin/cmake -E cmake_link_script CMakeFiles/cmTC_13d8c.dir/link.txt --verbose=1
/usr/bin/cc      -rdynamic CMakeFiles/cmTC_13d8c.dir/CheckSymbolExists.c.o  -o cmTC_13d8c 
CMakeFiles/cmTC_13d8c.dir/CheckSymbolExists.c.o：在函数‘main’中：
CheckSymbolExists.c:(.text+0x1b)：对‘pthread_create’未定义的引用
collect2: error: ld returned 1 exit status
CMakeFiles/cmTC_13d8c.dir/build.make:97: recipe for target 'cmTC_13d8c' failed
make[1]: *** [cmTC_13d8c] Error 1
make[1]: 离开目录“/home/ros/haoyu/ws_rmrobot/build/rm_65_moveit_config/CMakeFiles/CMakeTmp”
Makefile:126: recipe for target 'cmTC_13d8c/fast' failed
make: *** [cmTC_13d8c/fast] Error 2

File /home/ros/haoyu/ws_rmrobot/build/rm_65_moveit_config/CMakeFiles/CMakeTmp/CheckSymbolExists.c:
/* */
#include <pthread.h>

int main(int argc, char** argv)
{
  (void)argv;
#ifndef pthread_create
  return ((int*)(&pthread_create))[argc];
#else
  (void)argc;
  return 0;
#endif
}

Determining if the function pthread_create exists in the pthreads failed with the following output:
Change Dir: /home/ros/haoyu/ws_rmrobot/build/rm_65_moveit_config/CMakeFiles/CMakeTmp

Run Build Command:"/usr/bin/make" "cmTC_ccf83/fast"
/usr/bin/make -f CMakeFiles/cmTC_ccf83.dir/build.make CMakeFiles/cmTC_ccf83.dir/build
make[1]: 进入目录“/home/ros/haoyu/ws_rmrobot/build/rm_65_moveit_config/CMakeFiles/CMakeTmp”
Building C object CMakeFiles/cmTC_ccf83.dir/CheckFunctionExists.c.o
/usr/bin/cc   -DCHECK_FUNCTION_EXISTS=pthread_create   -o CMakeFiles/cmTC_ccf83.dir/CheckFunctionExists.c.o   -c /usr/share/cmake-3.10/Modules/CheckFunctionExists.c
Linking C executable cmTC_ccf83
/usr/bin/cmake -E cmake_link_script CMakeFiles/cmTC_ccf83.dir/link.txt --verbose=1
/usr/bin/cc  -DCHECK_FUNCTION_EXISTS=pthread_create    -rdynamic CMakeFiles/cmTC_ccf83.dir/CheckFunctionExists.c.o  -o cmTC_ccf83 -lpthreads 
/usr/bin/ld: 找不到 -lpthreads
collect2: error: ld returned 1 exit status
CMakeFiles/cmTC_ccf83.dir/build.make:97: recipe for target 'cmTC_ccf83' failed
make[1]: *** [cmTC_ccf83] Error 1
make[1]: 离开目录“/home/ros/haoyu/ws_rmrobot/build/rm_65_moveit_config/CMakeFiles/CMakeTmp”
Makefile:126: recipe for target 'cmTC_ccf83/fast' failed
make: *** [cmTC_ccf83/fast] Error 2


