Determining if the pthread_create exist failed with the following output:
Change Dir: /home/ros/haoyu/try/build/CMakeFiles/CMakeTmp

Run Build Command:"/usr/bin/make" "cmTC_69c8b/fast"
/usr/bin/make -f CMakeFiles/cmTC_69c8b.dir/build.make CMakeFiles/cmTC_69c8b.dir/build
make[1]: 进入目录“/home/ros/haoyu/try/build/CMakeFiles/CMakeTmp”
Building C object CMakeFiles/cmTC_69c8b.dir/CheckSymbolExists.c.o
/usr/bin/cc    -o CMakeFiles/cmTC_69c8b.dir/CheckSymbolExists.c.o   -c /home/ros/haoyu/try/build/CMakeFiles/CMakeTmp/CheckSymbolExists.c
Linking C executable cmTC_69c8b
/usr/bin/cmake -E cmake_link_script CMakeFiles/cmTC_69c8b.dir/link.txt --verbose=1
/usr/bin/cc      -rdynamic CMakeFiles/cmTC_69c8b.dir/CheckSymbolExists.c.o  -o cmTC_69c8b 
CMakeFiles/cmTC_69c8b.dir/CheckSymbolExists.c.o：在函数‘main’中：
CheckSymbolExists.c:(.text+0x1b)：对‘pthread_create’未定义的引用
collect2: error: ld returned 1 exit status
CMakeFiles/cmTC_69c8b.dir/build.make:97: recipe for target 'cmTC_69c8b' failed
make[1]: *** [cmTC_69c8b] Error 1
make[1]: 离开目录“/home/ros/haoyu/try/build/CMakeFiles/CMakeTmp”
Makefile:126: recipe for target 'cmTC_69c8b/fast' failed
make: *** [cmTC_69c8b/fast] Error 2

File /home/ros/haoyu/try/build/CMakeFiles/CMakeTmp/CheckSymbolExists.c:
/* */
#include <pthread.h>

int main(int argc, char** argv)
{
  (void)argv;
#ifndef pthread_create
  return ((int*)(&pthread_create))[argc];
#else
  (void)argc;
  return 0;
#endif
}

Determining if the function pthread_create exists in the pthreads failed with the following output:
Change Dir: /home/ros/haoyu/try/build/CMakeFiles/CMakeTmp

Run Build Command:"/usr/bin/make" "cmTC_56518/fast"
/usr/bin/make -f CMakeFiles/cmTC_56518.dir/build.make CMakeFiles/cmTC_56518.dir/build
make[1]: 进入目录“/home/ros/haoyu/try/build/CMakeFiles/CMakeTmp”
Building C object CMakeFiles/cmTC_56518.dir/CheckFunctionExists.c.o
/usr/bin/cc   -DCHECK_FUNCTION_EXISTS=pthread_create   -o CMakeFiles/cmTC_56518.dir/CheckFunctionExists.c.o   -c /usr/share/cmake-3.10/Modules/CheckFunctionExists.c
Linking C executable cmTC_56518
/usr/bin/cmake -E cmake_link_script CMakeFiles/cmTC_56518.dir/link.txt --verbose=1
/usr/bin/cc  -DCHECK_FUNCTION_EXISTS=pthread_create    -rdynamic CMakeFiles/cmTC_56518.dir/CheckFunctionExists.c.o  -o cmTC_56518 -lpthreads 
/usr/bin/ld: 找不到 -lpthreads
collect2: error: ld returned 1 exit status
CMakeFiles/cmTC_56518.dir/build.make:97: recipe for target 'cmTC_56518' failed
make[1]: *** [cmTC_56518] Error 1
make[1]: 离开目录“/home/ros/haoyu/try/build/CMakeFiles/CMakeTmp”
Makefile:126: recipe for target 'cmTC_56518/fast' failed
make: *** [cmTC_56518/fast] Error 2


