[  0%] Built target std_msgs_generate_messages_lisp
[  9%] Built target quaternion_haoyu
[ 19%] Built target force_receive
[ 28%] Built target test_grab
[ 28%] Built target std_msgs_generate_messages_nodejs
[ 28%] Built target std_msgs_generate_messages_py
[ 28%] Built target std_msgs_generate_messages_eus
[ 28%] Built target _book_grab_generate_messages_check_deps_hh_eye
[ 28%] Built target std_msgs_generate_messages_cpp
[35m[1mScanning dependencies of target book_work_topic_service[0m
[ 38%] Built target grab_motion
[ 47%] Built target haoyu_frame_pub
[ 52%] Built target book_grab_generate_messages_lisp
[ 57%] Built target book_grab_generate_messages_nodejs
[ 66%] Built target play
[ 76%] Built target book_grab_generate_messages_py
[ 80%] [32mBuilding CXX object CMakeFiles/book_work_topic_service.dir/src/book_work_topic_service.cpp.o[0m
[ 90%] Built target book_grab_generate_messages_eus
[ 95%] Built target book_grab_generate_messages_cpp
[ 95%] Built target book_grab_generate_messages
[100%] [32m[1mLinking CXX executable /home/ros/haoyu/ws_rmrobot/devel/.private/book_grab/lib/book_grab/book_work_topic_service[0m
[100%] Built target book_work_topic_service
