[  7%] Built target quaternion_haoyu
[  7%] Built target std_msgs_generate_messages_nodejs
[ 14%] Built target force_receive
[ 21%] Built target test_grab
[ 21%] Built target std_msgs_generate_messages_py
[ 21%] Built target _book_grab_generate_messages_check_deps_hh_eye
[ 21%] Built target std_msgs_generate_messages_eus
[ 21%] Built target std_msgs_generate_messages_cpp
[35m[1mScanning dependencies of target try_getin_by_force[0m
[ 21%] Built target _book_grab_generate_messages_check_deps_try_getin
[ 28%] Built target grab_motion
[ 32%] [32mBuilding CXX object CMakeFiles/try_getin_by_force.dir/src/try_getin_by_force.cpp.o[0m
[ 32%] Built target std_msgs_generate_messages_lisp
[ 39%] Built target haoyu_frame_pub
[ 46%] Built target book_grab_generate_messages_nodejs
[ 53%] Built target play
[ 60%] Built target book_work_topic_service
[ 71%] Built target book_grab_generate_messages_py
[ 82%] Built target book_grab_generate_messages_eus
[ 89%] Built target book_grab_generate_messages_cpp
[ 96%] Built target book_grab_generate_messages_lisp
[ 96%] Built target book_grab_generate_messages
[100%] [32m[1mLinking CXX executable /home/ros/haoyu/ws_rmrobot/devel/.private/book_grab/lib/book_grab/try_getin_by_force[0m
[100%] Built target try_getin_by_force
