[  0%] Built target std_msgs_generate_messages_nodejs
[  7%] Built target quaternion_haoyu
[ 14%] Built target force_receive
[ 21%] Built target test_grab
[ 21%] Built target std_msgs_generate_messages_py
[ 21%] Built target std_msgs_generate_messages_eus
[ 21%] Built target _book_grab_generate_messages_check_deps_hh_eye
[ 21%] Built target std_msgs_generate_messages_cpp
[ 21%] Built target _book_grab_generate_messages_check_deps_try_getin
[ 21%] Built target std_msgs_generate_messages_lisp
[ 25%] [32mBuilding CXX object CMakeFiles/try_getin_by_force.dir/src/try_getin_by_force.cpp.o[0m
[ 32%] Built target haoyu_frame_pub
[ 39%] Built target grab_motion
[ 46%] Built target book_work_topic_service
[ 57%] Built target book_grab_generate_messages_py
[ 64%] Built target book_grab_generate_messages_nodejs
[ 71%] Built target play
[ 82%] Built target book_grab_generate_messages_eus
[ 89%] Built target book_grab_generate_messages_cpp
[ 96%] Built target book_grab_generate_messages_lisp
[ 96%] Built target book_grab_generate_messages
In file included from [01m[K/usr/include/boost/function/detail/maybe_include.hpp:18:0[m[K,
                 from [01m[K/usr/include/boost/function/detail/function_iterate.hpp:14[m[K,
                 from [01m[K/usr/include/boost/preprocessor/iteration/detail/iter/forward1.hpp:52[m[K,
                 from [01m[K/usr/include/boost/function.hpp:64[m[K,
                 from [01m[K/opt/ros/melodic/include/ros/forwards.h:40[m[K,
                 from [01m[K/opt/ros/melodic/include/ros/common.h:37[m[K,
                 from [01m[K/opt/ros/melodic/include/ros/ros.h:43[m[K,
                 from [01m[K/home/ros/haoyu/ws_rmrobot/src/haoyu_code/book_grab/src/try_getin_by_force.cpp:1[m[K:
/usr/include/boost/function/function_template.hpp: In instantiation of ‘[01m[Kstatic void boost::detail::function::void_function_invoker1<FunctionPtr, R, T0>::invoke(boost::detail::function::function_buffer&, T0) [with FunctionPtr = void (*)(const geometry_msgs::Vector3Stamped_<std::allocator<void> >&); R = void; T0 = const boost::shared_ptr<const geometry_msgs::Vector3Stamped_<std::allocator<void> > >&][m[K’:
[01m[K/usr/include/boost/function/function_template.hpp:925:38:[m[K   required from ‘[01m[Kvoid boost::function1<R, T1>::assign_to(Functor) [with Functor = void (*)(const geometry_msgs::Vector3Stamped_<std::allocator<void> >&); R = void; T0 = const boost::shared_ptr<const geometry_msgs::Vector3Stamped_<std::allocator<void> > >&][m[K’
[01m[K/usr/include/boost/function/function_template.hpp:716:7:[m[K   required from ‘[01m[Kboost::function1<R, T1>::function1(Functor, typename boost::enable_if_c<(! boost::is_integral<Functor>::value), int>::type) [with Functor = void (*)(const geometry_msgs::Vector3Stamped_<std::allocator<void> >&); R = void; T0 = const boost::shared_ptr<const geometry_msgs::Vector3Stamped_<std::allocator<void> > >&; typename boost::enable_if_c<(! boost::is_integral<Functor>::value), int>::type = int][m[K’
[01m[K/usr/include/boost/function/function_template.hpp:1061:16:[m[K   required from ‘[01m[Kboost::function<R(T0)>::function(Functor, typename boost::enable_if_c<(! boost::is_integral<Functor>::value), int>::type) [with Functor = void (*)(const geometry_msgs::Vector3Stamped_<std::allocator<void> >&); R = void; T0 = const boost::shared_ptr<const geometry_msgs::Vector3Stamped_<std::allocator<void> > >&; typename boost::enable_if_c<(! boost::is_integral<Functor>::value), int>::type = int][m[K’
[01m[K/home/ros/haoyu/ws_rmrobot/src/haoyu_code/book_grab/src/try_getin_by_force.cpp:26:108:[m[K   required from here
[01m[K/usr/include/boost/function/function_template.hpp:118:11:[m[K [01;31m[Kerror: [m[Kinvalid initialization of reference of type ‘[01m[Kconst geometry_msgs::Vector3Stamped_<std::allocator<void> >&[m[K’ from expression of type ‘[01m[Kconst boost::shared_ptr<const geometry_msgs::Vector3Stamped_<std::allocator<void> > >[m[K’
           [01;31m[KB[m[KOOST_FUNCTION_RETURN(f(BOOST_FUNCTION_ARGS));
           [01;31m[K^[m[K
CMakeFiles/try_getin_by_force.dir/build.make:62: recipe for target 'CMakeFiles/try_getin_by_force.dir/src/try_getin_by_force.cpp.o' failed
make[2]: *** [CMakeFiles/try_getin_by_force.dir/src/try_getin_by_force.cpp.o] Error 1
CMakeFiles/Makefile2:1579: recipe for target 'CMakeFiles/try_getin_by_force.dir/all' failed
make[1]: *** [CMakeFiles/try_getin_by_force.dir/all] Error 2
Makefile:140: recipe for target 'all' failed
make: *** [all] Error 2
