Symlinking /home/ros/haoyu/ws_rmrobot/devel/include/book_grab/hh_eyeResponse.h
Symlinking /home/ros/haoyu/ws_rmrobot/devel/include/book_grab/hh_eyeRequest.h
Symlinking /home/ros/haoyu/ws_rmrobot/devel/include/book_grab/hh_eye.h
Linked: (/home/ros/haoyu/ws_rmrobot/devel/.private/book_grab/lib/libquaternion_haoyu.so, /home/ros/haoyu/ws_rmrobot/devel/lib/libquaternion_haoyu.so)
Linked: (/home/ros/haoyu/ws_rmrobot/devel/.private/book_grab/lib/pkgconfig/book_grab.pc, /home/ros/haoyu/ws_rmrobot/devel/lib/pkgconfig/book_grab.pc)
Symlinking /home/ros/haoyu/ws_rmrobot/devel/lib/python2.7/dist-packages/book_grab/__init__.py
Symlinking /home/ros/haoyu/ws_rmrobot/devel/lib/python2.7/dist-packages/book_grab/srv/__init__.py
Symlinking /home/ros/haoyu/ws_rmrobot/devel/lib/python2.7/dist-packages/book_grab/srv/_hh_eye.py
Linked: (/home/ros/haoyu/ws_rmrobot/devel/.private/book_grab/lib/book_grab/grabber_cam_frame_pub, /home/ros/haoyu/ws_rmrobot/devel/lib/book_grab/grabber_cam_frame_pub)
Linked: (/home/ros/haoyu/ws_rmrobot/devel/.private/book_grab/lib/book_grab/force_receive, /home/ros/haoyu/ws_rmrobot/devel/lib/book_grab/force_receive)
Linked: (/home/ros/haoyu/ws_rmrobot/devel/.private/book_grab/lib/book_grab/haoyu_frame_pub, /home/ros/haoyu/ws_rmrobot/devel/lib/book_grab/haoyu_frame_pub)
Linked: (/home/ros/haoyu/ws_rmrobot/devel/.private/book_grab/lib/book_grab/book_work_topic_service, /home/ros/haoyu/ws_rmrobot/devel/lib/book_grab/book_work_topic_service)
Linked: (/home/ros/haoyu/ws_rmrobot/devel/.private/book_grab/lib/book_grab/test_grab, /home/ros/haoyu/ws_rmrobot/devel/lib/book_grab/test_grab)
Linked: (/home/ros/haoyu/ws_rmrobot/devel/.private/book_grab/lib/book_grab/grab_motion, /home/ros/haoyu/ws_rmrobot/devel/lib/book_grab/grab_motion)
Linked: (/home/ros/haoyu/ws_rmrobot/devel/.private/book_grab/lib/book_grab/play, /home/ros/haoyu/ws_rmrobot/devel/lib/book_grab/play)
Linked: (/home/ros/haoyu/ws_rmrobot/devel/.private/book_grab/lib/book_grab/book_work_frame, /home/ros/haoyu/ws_rmrobot/devel/lib/book_grab/book_work_frame)
Linked: (/home/ros/haoyu/ws_rmrobot/devel/.private/book_grab/lib/book_grab/book_grab, /home/ros/haoyu/ws_rmrobot/devel/lib/book_grab/book_grab)
Symlinking /home/ros/haoyu/ws_rmrobot/devel/share/common-lisp/ros/book_grab/srv/book_grab-srv.asd
Symlinking /home/ros/haoyu/ws_rmrobot/devel/share/common-lisp/ros/book_grab/srv/hh_eye.lisp
Symlinking /home/ros/haoyu/ws_rmrobot/devel/share/common-lisp/ros/book_grab/srv/_package_hh_eye.lisp
Symlinking /home/ros/haoyu/ws_rmrobot/devel/share/common-lisp/ros/book_grab/srv/_package.lisp
Symlinking /home/ros/haoyu/ws_rmrobot/devel/share/gennodejs/ros/book_grab/_index.js
Symlinking /home/ros/haoyu/ws_rmrobot/devel/share/gennodejs/ros/book_grab/srv/hh_eye.js
Symlinking /home/ros/haoyu/ws_rmrobot/devel/share/gennodejs/ros/book_grab/srv/_index.js
Symlinking /home/ros/haoyu/ws_rmrobot/devel/share/roseus/ros/book_grab/manifest.l
Symlinking /home/ros/haoyu/ws_rmrobot/devel/share/roseus/ros/book_grab/srv/hh_eye.l
Symlinking /home/ros/haoyu/ws_rmrobot/devel/share/book_grab/cmake/book_grab-msg-extras.cmake
Symlinking /home/ros/haoyu/ws_rmrobot/devel/share/book_grab/cmake/book_grab-msg-paths.cmake
Linked: (/home/ros/haoyu/ws_rmrobot/devel/.private/book_grab/share/book_grab/cmake/book_grabConfig-version.cmake, /home/ros/haoyu/ws_rmrobot/devel/share/book_grab/cmake/book_grabConfig-version.cmake)
Linked: (/home/ros/haoyu/ws_rmrobot/devel/.private/book_grab/share/book_grab/cmake/book_grabConfig.cmake, /home/ros/haoyu/ws_rmrobot/devel/share/book_grab/cmake/book_grabConfig.cmake)
